<?xml version="1.0" encoding="UTF-8"?>
<!-- Generated by org.testng.reporters.JUnitXMLReporter -->
<testsuite hostname="DESKTOP-4UDJ3JF" ignored="0" name="Default test" tests="3" failures="0" timestamp="27 Feb 2019 01:14:36 GMT" time="71.172" errors="0">
  <testcase name="Widget" time="29.783" classname="com.jquery.pages.HomePage"/>
  <testcase name="Interactions" time="8.506" classname="com.jquery.pages.HomePage"/>
  <testcase name="Effects" time="4.224" classname="com.jquery.pages.HomePage"/>
</testsuite> <!-- Default test -->
